***Starting server on port 65064 ***
Loading net-file from 'C:/Users/kkusic/Desktop/DT-GM/SCENARIO-II/in/motorway_GE_edges_300m_x16.net.xml' ... done (120ms).
Loading additional-files from 'C:/Users/kkusic/Desktop/DT-GM/SCENARIO-II/in/add/vtype/vtype_distribution.add.xml' ... done (49ms).
Loading additional-files from 'C:/Users/kkusic/Desktop/DT-GM/SCENARIO-II/in/route/routesDistributions_TEST.rou.xml' ... done (11ms).
Loading additional-files from 'C:/Users/kkusic/Desktop/DT-GM/SCENARIO-II/in/flow/flows.flows.xml' ... done (11ms).
Loading additional-files from 'C:/Users/kkusic/Desktop/DT-GM/SCENARIO-II/in/add/detector/detectors.add.xml' ... done (5ms).
Loading additional-files from 'C:/Users/kkusic/Desktop/DT-GM/SCENARIO-II/in/add/cali/cali_E_NS_edge.add.xml' ... done (88ms).
Loading additional-files from 'C:/Users/kkusic/Desktop/DT-GM/SCENARIO-II/in/add/cali/cali_S_NE_edge.add.xml' ... done (92ms).
Loading additional-files from 'C:/Users/kkusic/Desktop/DT-GM/SCENARIO-II/in/add/cali/cali_N_ES_edge.add.xml' ... done (93ms).
Loading additional-files from 'C:/Users/kkusic/Desktop/DT-GM/SCENARIO-II/in/add/cali/cali_N_ES_onRamp1.add.xml' ... done (100ms).
Loading additional-files from 'C:/Users/kkusic/Desktop/DT-GM/SCENARIO-II/in/add/cali/cali_ES_N_onRamp1.add.xml' ... done (109ms).
Loading additional-files from 'C:/Users/kkusic/Desktop/DT-GM/SCENARIO-II/in/add/cali/cali_x15_E_onRamp.add.xml' ... done (90ms).
Loading additional-files from 'C:/Users/kkusic/Desktop/DT-GM/SCENARIO-II/in/add/cali/cali_x16_N_onRamp.add.xml' ... done (92ms).
Loading done.
Simulation started with time: 0.00
Warning: Vehicle 'flow_car1_temporary_N_S.5587' performs emergency braking on lane 'N_ES159_0' with decel=9.00, wished=4.50, severity=1.00, time=27788.00.
Warning: Vehicle 'flow_car1_temporary_N_S.5589' performs emergency braking on lane 'N_ES159_0' with decel=9.00, wished=4.50, severity=1.00, time=27789.50.
Warning: Vehicle 'caliCar1_N_ES147_0.27780.14' performs emergency braking on lane 'N_ES159_0' with decel=9.00, wished=4.50, severity=1.00, time=27936.25.
Warning: Vehicle 'flow_car1_onramp1_N_ES.5603' performs emergency braking on lane ':21698970_0_1' with decel=9.00, wished=4.50, severity=1.00, time=28156.50.
Warning: Vehicle 'flow_car1_temporary_N_S.5957' performs emergency braking on lane 'N_ES149_0' with decel=9.00, wished=4.50, severity=1.00, time=29427.25.
Warning: Vehicle 'caliCar1_N_ES147_0.29940.17' performs emergency braking on lane 'N_ES159_0' with decel=9.00, wished=4.50, severity=1.00, time=30138.75.
Warning: Vehicle 'caliCar1_N_ES147_0.31620.9' performs emergency braking on lane 'N_ES159_0' with decel=9.00, wished=4.50, severity=1.00, time=31755.25.
Warning: Vehicle 'caliCar1_N_ES147_0.32340.20' performs emergency braking on lane ':21698970_0_1' with decel=9.00, wished=4.50, severity=1.00, time=32506.50.
Warning: Vehicle 'flow_truck1_temporary_N_S.3131' performs emergency braking on lane ':21698970_0_1' with decel=7.00, wished=4.00, severity=1.00, time=32759.50.
Warning: Vehicle 'flow_car1_onramp1_N_ES.6616' performs emergency braking on lane 'N_ES159_0' with decel=9.00, wished=4.50, severity=1.00, time=33583.25.
Warning: Vehicle 'caliCar1_N_ES147_0.35400.4' performs emergency braking on lane 'N_ES159_0' with decel=9.00, wished=4.50, severity=1.00, time=35542.50.
Warning: Vehicle 'caliCar1_N_ES147_0.35580.12' performs emergency braking on lane ':21698970_0_1' with decel=9.00, wished=4.50, severity=1.00, time=35784.75.
Warning: Vehicle 'caliCar1_N_ES147_0.37260.9' performs emergency braking on lane 'N_ES159_0' with decel=9.00, wished=4.50, severity=1.00, time=37429.50.
Warning: Vehicle 'flow_car1_temporary_N_S.8201' performs emergency braking on lane 'N_ES160_1' with decel=9.00, wished=4.50, severity=1.00, time=41030.25.
Warning: Vehicle 'caliCar1_N_ES147_0.40920.18' performs emergency braking on lane 'N_ES159_0' with decel=9.00, wished=4.50, severity=1.00, time=41094.00.
Warning: Vehicle 'caliCar1_N_ES147_0.41880.13' performs emergency braking on lane 'N_ES159_0' with decel=9.00, wished=4.50, severity=1.00, time=42019.25.
Warning: Vehicle 'flow_truck1_temporary_N_S.4323' performs emergency braking on lane 'N_ES159_0' with decel=7.00, wished=4.00, severity=1.00, time=45006.50.
Warning: Vehicle 'flow_truck1_temporary_N_S.4323' performs emergency braking on lane ':21698970_0_1' with decel=7.00, wished=4.00, severity=1.00, time=45007.00.
Warning: Vehicle 'caliCar1_N_ES147_0.44880.13' performs emergency braking on lane 'N_ES159_0' with decel=9.00, wished=4.50, severity=1.00, time=45022.25.
Warning: Vehicle 'flow_car1_onramp1_N_ES.9076' performs emergency braking on lane 'N_ES159_0' with decel=9.00, wished=4.50, severity=1.00, time=45478.00.
Warning: Vehicle 'caliCar1_N_ES147_0.46320.3' performs emergency braking on lane ':21698970_0_1' with decel=9.00, wished=4.50, severity=1.00, time=46444.75.
Warning: Vehicle 'flow_car1_S_NE2.3408' performs emergency braking on lane ':J238_0_1' with decel=9.00, wished=4.50, severity=1.00, time=49967.25.
Warning: Vehicle 'caliCar1_E_NS5_0.49800.2' performs emergency braking on lane 'ES_N9_0' with decel=9.00, wished=4.50, severity=1.00, time=49991.00.
Warning: Vehicle 'flow_car1_S_NE3.3813' performs emergency braking on lane ':J238_0_0' with decel=9.00, wished=4.50, severity=1.00, time=53970.00.
Warning: Vehicle 'flow_car1_S_NE1.3902' performs emergency braking on lane 'ES_N9_0' with decel=9.00, wished=4.50, severity=1.00, time=56163.25.
Warning: Vehicle 'flow_car1_E_NS.11196' performs emergency braking on lane 'ES_N9_0' with decel=9.00, wished=4.50, severity=1.00, time=56297.50.
Warning: Vehicle 'caliCar1_x16_N_onRamp.57120.9' performs emergency braking on lane 'ES_N10_0' with decel=9.00, wished=4.50, severity=1.00, time=57249.25.
Warning: Vehicle 'caliCar1_x16_N_onRamp.57180.11' performs emergency braking on lane ':J238_0_0' with decel=9.00, wished=4.50, severity=1.00, time=57320.25.
Warning: Vehicle 'flow_truck1_S_NE3.1670' performs emergency braking on lane ':J238_0_0' with decel=7.00, wished=4.00, severity=1.00, time=57584.75.
Warning: Vehicle 'caliCar1_N_ES147_0.58620.12' performs emergency braking on lane 'N_ES149_0' with decel=9.00, wished=4.50, severity=1.00, time=58684.00.
Warning: Vehicle 'caliCar1_E_NS5_0.60300.23' performs emergency braking on lane ':J238_0_0' with decel=9.00, wished=4.50, severity=1.00, time=60495.25.
Warning: Vehicle 'flow_car1_E_NS.12447' performs emergency braking on lane ':J238_0_0' with decel=9.00, wished=4.50, severity=1.00, time=62499.75.
Warning: Vehicle 'flow_car1_E_NS.12448' performs emergency braking on lane 'ES_N9_0' with decel=9.00, wished=4.50, severity=1.00, time=62501.00.
Warning: Vehicle 'flow_car1_temporary_N_S.12408' performs emergency braking on lane ':21698954_0_0' with decel=9.00, wished=4.50, severity=1.00, time=62762.25.
Warning: Vehicle 'caliCar1_E_NS5_0.66000.2' performs emergency braking on lane ':J238_0_0' with decel=9.00, wished=4.50, severity=1.00, time=66197.00.
Warning: Vehicle 'caliCar1_N_ES147_0.69300.3' performs emergency braking on lane 'N_ES159_0' with decel=9.00, wished=4.50, severity=1.00, time=69427.00.
Warning: Vehicle 'flow_car1_temporary_N_S.13816' performs emergency braking on lane ':21698954_0_0' with decel=9.00, wished=4.50, severity=1.00, time=69608.75.
Simulation ended at time: 86400.25
Reason: TraCI requested termination.
Performance: 
 Duration: 5109.83s
 TraCI-Duration: 3711.70s
 Real time factor: 16.9086
 UPS: 21475.422582
Vehicles: 
 Inserted: 219622 (Loaded: 219635)
 Running: 130
 Waiting: 0
Statistics (avg):
 RouteLength: 3162.31
 Speed: 24.30
 Duration: 124.82
 WaitingTime: 0.51
 TimeLoss: 13.99
 DepartDelay: 0.01

DijkstraRouter answered 223145 queries and explored 7.13 edges on average.
DijkstraRouter spent 1.14s answering queries (0.01ms on average).
